app/build/intermediates/manifest_merge_blame_file/debug/manifest-merger-blame-debug-report.txt
1<?xml version="1.0" encoding="utf-8"?>
2<manifest xmlns:android="http://schemas.android.com/apk/res/android"
3    package="com.example.proteintracker"
4    android:versionCode="1"
5    android:versionName="1.0" >
6
7    <uses-sdk
8        android:minSdkVersion="21"
8-->src\main\AndroidManifest.xml
9        android:targetSdkVersion="29" />
9-->src\main\AndroidManifest.xml
10
11    <application
11-->src\main\AndroidManifest.xml:5:5-33:19
12        android:allowBackup="true"
12-->src\main\AndroidManifest.xml:6:9-35
13        android:appComponentFactory="androidx.core.app.CoreComponentFactory"
13-->[androidx.core:core:1.0.1] AndroidManifest.xml:22:18-86
14        android:debuggable="true"
15        android:icon="@mipmap/ic_launcher"
15-->src\main\AndroidManifest.xml:7:9-43
16        android:label="@string/app_name"
16-->src\main\AndroidManifest.xml:8:9-41
17        android:roundIcon="@mipmap/ic_launcher_round"
17-->src\main\AndroidManifest.xml:9:9-54
18        android:supportsRtl="true"
18-->src\main\AndroidManifest.xml:10:9-35
19        android:testOnly="true"
20        android:theme="@style/AppTheme" >
20-->src\main\AndroidManifest.xml:11:9-40
21        <activity android:name="com.example.proteintracker.RecyclerViewActivity" />
21-->src\main\AndroidManifest.xml:12:9-67
21-->src\main\AndroidManifest.xml:12:19-55
22        <activity android:name="com.example.proteintracker.KelolaMhsActivity" />
22-->src\main\AndroidManifest.xml:13:9-55
22-->src\main\AndroidManifest.xml:13:19-52
23        <activity android:name="com.example.proteintracker.MahasiswaEditActivity" />
23-->src\main\AndroidManifest.xml:14:9-59
23-->src\main\AndroidManifest.xml:14:19-56
24        <activity android:name="com.example.proteintracker.MahasiswaAddActivity" />
24-->src\main\AndroidManifest.xml:15:9-58
24-->src\main\AndroidManifest.xml:15:19-55
25        <activity android:name="com.example.proteintracker.SpinControl" />
25-->src\main\AndroidManifest.xml:16:9-49
25-->src\main\AndroidManifest.xml:16:19-46
26        <activity android:name="com.example.proteintracker.SampleList" />
26-->src\main\AndroidManifest.xml:17:9-48
26-->src\main\AndroidManifest.xml:17:19-45
27        <activity android:name="com.example.proteintracker.MahasiswaActivity" />
27-->src\main\AndroidManifest.xml:18:9-55
27-->src\main\AndroidManifest.xml:18:19-52
28        <activity android:name="com.example.proteintracker.MahasiswaFragment1" />
28-->src\main\AndroidManifest.xml:19:9-56
28-->src\main\AndroidManifest.xml:19:19-53
29        <activity android:name="com.example.proteintracker.ProteinTrackerApp" />
29-->src\main\AndroidManifest.xml:20:9-55
29-->src\main\AndroidManifest.xml:20:19-52
30        <activity android:name="com.example.proteintracker.Table" />
30-->src\main\AndroidManifest.xml:21:9-43
30-->src\main\AndroidManifest.xml:21:19-40
31        <activity android:name="com.example.proteintracker.Main3FragmentActivity" />
31-->src\main\AndroidManifest.xml:22:9-59
31-->src\main\AndroidManifest.xml:22:19-56
32        <activity android:name="com.example.proteintracker.Text" />
32-->src\main\AndroidManifest.xml:23:9-42
32-->src\main\AndroidManifest.xml:23:19-39
33        <activity android:name="com.example.proteintracker.Test" />
33-->src\main\AndroidManifest.xml:24:9-42
33-->src\main\AndroidManifest.xml:24:19-39
34        <activity android:name="com.example.proteintracker.HelpActivity" />
34-->src\main\AndroidManifest.xml:25:9-50
34-->src\main\AndroidManifest.xml:25:19-47
35        <activity android:name="com.example.proteintracker.MainActivity" >
35-->src\main\AndroidManifest.xml:26:9-32:20
35-->src\main\AndroidManifest.xml:26:19-47
36            <intent-filter>
36-->src\main\AndroidManifest.xml:27:13-31:29
37                <action android:name="android.intent.action.MAIN" />
37-->src\main\AndroidManifest.xml:28:17-69
37-->src\main\AndroidManifest.xml:28:25-66
38
39                <category android:name="android.intent.category.LAUNCHER" />
39-->src\main\AndroidManifest.xml:30:17-77
39-->src\main\AndroidManifest.xml:30:27-74
40            </intent-filter>
41        </activity>
42    </application>
43
44</manifest>